<?xml version="1.0" encoding="UTF-8"?>
<!-- Generated by org.testng.reporters.JUnitReportReporter -->
<testsuite hostname="DESKTOP-CL8QTLN" failures="0" tests="4" name="com.testcases.TC_Login" time="37.846" errors="0" timestamp="14 Jul 2021 12:44:31 GMT" skipped="0">
  <testcase classname="com.testcases.TC_Login" name="checkTextIsPresentTest" time="8.580"/>
  <testcase classname="com.testcases.TC_Login" name="loginPageTitleTest" time="9.630"/>
  <testcase classname="com.testcases.TC_Login" name="currentPageUrlTest" time="10.310"/>
  <testcase classname="com.testcases.TC_Login" name="logoutButtonTest" time="9.326"/>
</testsuite> <!-- com.testcases.TC_Login -->
