<?xml version="1.0" encoding="UTF-8"?>
<!-- Generated by org.testng.reporters.JUnitReportReporter -->
<testsuite hostname="DESKTOP-CL8QTLN" failures="0" tests="4" name="com.qa.testcases.TC_MultipleLoginDDT" time="30.563" errors="0" timestamp="15 Jul 2021 14:21:12 GMT" skipped="0">
  <testcase classname="com.qa.testcases.TC_MultipleLoginDDT" name="loginDDT" time="7.480"/>
  <testcase classname="com.qa.testcases.TC_MultipleLoginDDT" name="loginDDT" time="7.277"/>
  <testcase classname="com.qa.testcases.TC_MultipleLoginDDT" name="loginDDT" time="7.802"/>
  <testcase classname="com.qa.testcases.TC_MultipleLoginDDT" name="loginDDT" time="8.004"/>
</testsuite> <!-- com.qa.testcases.TC_MultipleLoginDDT -->
