<?xml version="1.0" encoding="UTF-8"?>
<!-- Generated by org.testng.reporters.JUnitReportReporter -->
<testsuite hostname="DESKTOP-CL8QTLN" failures="0" tests="3" name="com.testcases.TC_RequestQuotation" time="29.125" errors="0" timestamp="14 Jul 2021 12:44:31 GMT" skipped="0">
  <testcase classname="com.testcases.TC_RequestQuotation" name="testEstimatedValueField" time="9.835"/>
  <testcase classname="com.testcases.TC_RequestQuotation" name="testRequestQuotaionTab" time="10.229"/>
  <testcase classname="com.testcases.TC_RequestQuotation" name="testWindowscreenRepairRadio" time="9.061"/>
</testsuite> <!-- com.testcases.TC_RequestQuotation -->
