<?xml version="1.0" encoding="UTF-8"?>
<!-- Generated by org.testng.reporters.JUnitReportReporter -->
<testsuite hostname="DESKTOP-CL8QTLN" failures="0" tests="3" name="com.testcases.TC_LoginDDT" time="20.815" errors="0" timestamp="14 Jul 2021 13:03:47 GMT" skipped="0">
  <testcase classname="com.testcases.TC_LoginDDT" name="loginDDT" time="7.376"/>
  <testcase classname="com.testcases.TC_LoginDDT" name="loginDDT" time="6.842"/>
  <testcase classname="com.testcases.TC_LoginDDT" name="loginDDT" time="6.597"/>
</testsuite> <!-- com.testcases.TC_LoginDDT -->
