<?xml version="1.0" encoding="UTF-8"?>
<!-- Generated by org.testng.reporters.JUnitReportReporter -->
<testsuite hostname="DESKTOP-CL8QTLN" failures="0" tests="1" name="com.qa.testcases.TC_RequestQuotation" time="11.184" errors="0" timestamp="15 Jul 2021 14:21:12 GMT" skipped="0">
  <testcase classname="com.qa.testcases.TC_RequestQuotation" name="testCalculatePremiun" time="11.184"/>
</testsuite> <!-- com.qa.testcases.TC_RequestQuotation -->
