<?xml version="1.0" encoding="UTF-8"?>
<!-- Generated by org.testng.reporters.JUnitReportReporter -->
<testsuite hostname="DESKTOP-CL8QTLN" failures="0" tests="3" name="com.qa.testcases.TC_LoginDDT" time="22.557" errors="0" timestamp="15 Jul 2021 07:12:20 GMT" skipped="0">
  <testcase classname="com.qa.testcases.TC_LoginDDT" name="loginDDT" time="7.944"/>
  <testcase classname="com.qa.testcases.TC_LoginDDT" name="loginDDT" time="7.058"/>
  <testcase classname="com.qa.testcases.TC_LoginDDT" name="loginDDT" time="7.555"/>
</testsuite> <!-- com.qa.testcases.TC_LoginDDT -->
